-20
200 5
0 49999.99999926988
1 49999.999997890685
2 49999.999993955134
3 49999.99998324465
4 49999.9999550558
5 49999.99988325345
6 49999.99970611386
7 49999.999282571196
8 49999.99830090294
9 49999.99609386196
10 49999.99127877939
11 49999.98107163012
12 49999.95997122394
13 49999.916954183405
14 49999.82737205544
15 49999.61788913516
16 49999.003365830264
17 49996.86699272893
18 49989.28334823159
19 49963.67057404967
20 49883.41884579413
21 49655.69219139822
22 49094.1481911146
23 47975.19606318348
24 46405.092909647705
25 45464.453755273746
26 45250.14872527891
27 45044.13666360038
28 44856.667290532634
29 44678.22987215399
30 44499.3193967405
31 44323.66843252791
32 44167.589670973364
33 44036.793684895405
34 43915.890542455774
35 43786.7688431363
36 43640.35312688899
37 43476.10021012108
38 43300.37308840984
39 43120.88698604289
40 42938.362002681286
41 42750.91166025435
42 42559.15204301541
43 42364.34640919559
44 42166.82396146023
45 41966.14156319002
46 41761.857075754735
47 41553.70531051933
48 41342.36891365587
49 41127.976207090636
50 40910.609064745986
51 40689.32888367209
52 40463.92991331425
53 40233.94567505466
54 39998.4437158852
55 39757.31219004736
56 39509.90725863679
57 39257.180386421576
58 38999.29510698793
59 38736.21673794663
60 38466.762438228514
61 38190.15810386981
62 37905.9950459766
63 37614.602034735704
64 37314.85064585579
65 37006.75623237316
66 36690.05444321093
67 36363.7691339387
68 36027.99127894873
69 35682.54238366472
70 35328.92789082627
71 34969.11236892957
72 34603.83806392391
73 34235.0315740511
74 33864.47860512395
75 33492.74973752159
76 33119.20763061413
77 32745.231497974386
78 32370.77354186117
79 31995.99809102532
80 31620.436440810678
81 31246.954849228667
82 30876.726506406736
83 30509.977144220986
84 30146.951932278473
85 29786.628055219324
86 29428.6117742988
87 29072.36766346946
88 28716.593628958522
89 28359.657823192225
90 27999.8471819572
91 27636.47869943454
92 27268.118327664357
93 26893.100494738177
94 26510.471885504416
95 26117.982538892968
96 25712.95362939561
97 25291.765778783498
98 24855.854235420586
99 24408.461407451392
100 23950.645428297426
101 23485.495001714382
102 23017.308359415707
103 22546.913686558342
104 22078.679968020224
105 21617.804379723355
106 21164.568253862348
107 20721.579165059153
108 20292.766620326547
109 19875.479015011428
110 19466.944541543915
111 19065.92538022851
112 18667.55070016031
113 18272.227175906388
114 17877.109585369515
115 17485.33787642434
116 17093.252297259674
117 16710.118275378692
118 16327.674416353915
119 15956.189153876341
120 15581.08021743364
121 15219.870177464767
122 14853.9615508952
123 14503.941464600466
124 14144.74533492923
125 13802.803400894527
126 13446.537176958615
127 13112.859060687746
128 12755.610530677875
129 12430.194877873484
130 12073.014237906027
131 11756.063478075816
132 11399.50818822136
133 11104.210431268297
134 10752.114507424973
135 10542.894488103893
136 10180.943487185923
137 11686.39669184749
138 10656.717017491583
139 10622.162384358022
140 12514.97987083151
141 35579705.54068611
142 241260516.4866072
143 223390683.96253932
144 149334254.02952054
145 13093.80015669658
146 11598.909229345616
147 390603.5933227263
148 18663097.071865954
149 1198170.9719964047
150 65537.79482116248
151 26407.99106925202
152 18849.469377765654
153 41226.738516789526
154 677854.7803568896
155 61579.55682538227
156 24281.776395828565
157 21508.585409998857
158 22740.229664594903
159 25360.160669058347
160 27941.605194671367
161 27612.531186959684
162 22020.814941395496
163 18896.43955560562
164 17890.755478261683
165 17773.50274812057
166 17882.60451868271
167 18088.66906145773
168 18100.397033795132
169 17827.039844563547
170 17401.679615311077
171 16884.664460570126
172 16277.899246260547
173 15575.846698856232
174 14858.011673490548
175 14195.994116347127
176 13568.717861825558
177 12912.518028239037
178 12298.464002205976
179 11753.187588014498
180 11234.093060678457
181 10778.004575842173
182 10361.24080033269
183 9969.270696754957
184 9607.859396838934
185 9265.331110927855
186 8926.149843069543
187 8632.147463185707
188 8326.749685534294
189 8050.17729127096
190 7763.346984718021
191 7509.559368839478
192 7242.059041706561
193 7005.3707298640375
194 6755.729126389007
195 6537.064896161752
196 6302.686262164869
197 6103.3166594628965
198 5884.126078457017
199 5706.650139505189
END TRAINING
